[debug] [2019-11-05T17:51:16.381Z] ----------------------------------------------------------------------
[debug] [2019-11-05T17:51:16.383Z] Command:       D:\Program Files\nodejs\node.exe C:\Users\rp261\AppData\Roaming\npm\node_modules\firebase-tools\lib\bin\firebase.js deploy --except functions
[debug] [2019-11-05T17:51:16.383Z] CLI Version:   7.6.2
[debug] [2019-11-05T17:51:16.383Z] Platform:      win32
[debug] [2019-11-05T17:51:16.383Z] Node Version:  v10.14.2
[debug] [2019-11-05T17:51:16.384Z] Time:          Tue Nov 05 2019 18:51:16 GMT+0100 (GMT+01:00)
[debug] [2019-11-05T17:51:16.384Z] ----------------------------------------------------------------------
[debug] [2019-11-05T17:51:16.384Z] 
[debug] [2019-11-05T17:51:16.398Z] > command requires scopes: ["email","openid","https://www.googleapis.com/auth/cloudplatformprojects.readonly","https://www.googleapis.com/auth/firebase","https://www.googleapis.com/auth/cloud-platform"]
[debug] [2019-11-05T17:51:16.399Z] > authorizing via signed-in user
[debug] [2019-11-05T17:51:16.399Z] [iam] checking project ezsat-b3013 for permissions ["firebase.projects.get","firebasedatabase.instances.update","firebasehosting.sites.update","firebaserules.releases.create","firebaserules.releases.update","firebaserules.rulesets.create"]
[debug] [2019-11-05T17:51:16.401Z] > refreshing access token with scopes: ["email","https://www.googleapis.com/auth/cloud-platform","https://www.googleapis.com/auth/cloudplatformprojects.readonly","https://www.googleapis.com/auth/firebase","openid"]
[debug] [2019-11-05T17:51:16.401Z] >>> HTTP REQUEST POST https://www.googleapis.com/oauth2/v3/token  
 <request body omitted>
[debug] [2019-11-05T17:51:16.610Z] <<< HTTP RESPONSE 200
[debug] [2019-11-05T17:51:16.624Z] >>> HTTP REQUEST POST https://cloudresourcemanager.googleapis.com/v1/projects/ezsat-b3013:testIamPermissions  

[debug] [2019-11-05T17:51:17.582Z] <<< HTTP RESPONSE 200
[debug] [2019-11-05T17:51:17.583Z] >>> HTTP REQUEST GET https://firebase.googleapis.com/v1beta1/projects/ezsat-b3013  
 
[debug] [2019-11-05T17:51:17.966Z] <<< HTTP RESPONSE 200
[info] 
[info] === Deploying to 'ezsat-b3013'...
[info] 
[info] i  deploying database, storage, hosting
[info] i  database: checking rules syntax...
[debug] [2019-11-05T17:51:20.341Z] >>> HTTP REQUEST PUT https://ezsat-b3013.firebaseio.com/.settings/rules.json?dryRun=true  
 {
  /* Visit https://firebase.google.com/docs/database/security to learn more about security rules. */
  "rules": {
    ".read": true,
    ".write": true
  }
}
[debug] [2019-11-05T17:51:21.077Z] <<< HTTP RESPONSE 200
[info] +  database: rules syntax for database ezsat-b3013 is valid
[debug] [2019-11-05T17:51:21.078Z] >>> HTTP REQUEST GET https://appengine.googleapis.com/v1/apps/ezsat-b3013  
 
[debug] [2019-11-05T17:51:22.277Z] <<< HTTP RESPONSE 200
[info] i  storage: checking storage.rules for compilation errors...
[debug] [2019-11-05T17:51:22.297Z] >>> HTTP REQUEST POST https://firebaserules.googleapis.com/v1/projects/ezsat-b3013:test  

[debug] [2019-11-05T17:51:23.404Z] <<< HTTP RESPONSE 200
[info] +  storage: rules file storage.rules compiled successfully
[debug] [2019-11-05T17:51:23.408Z] >>> HTTP REQUEST POST https://firebasehosting.googleapis.com/v1beta1/sites/ezsat-b3013/versions  

[debug] [2019-11-05T17:51:25.388Z] <<< HTTP RESPONSE 200
[info] i  storage: uploading rules storage.rules...
[debug] [2019-11-05T17:51:25.393Z] >>> HTTP REQUEST POST https://firebaserules.googleapis.com/v1/projects/ezsat-b3013/rulesets  

